SMBSAMS_3Phase                                                                                                          PAGE 1
  013B                   1     Samples EQU 315
                         2
  00C1                   3     Timeout EQU 0C1H        ;
  00B3                   4     LFP EQU P3.3
  00B4                   5     HFP EQU P3.4
                         6
                         7     ORG 0000H
0000 02073B              8     LJMP MAIN;
                         9
                        10     ;ORG 0003H;
                        11     ;LJMP ISR_EXT0
                        12     ;
                        13     ORG 000BH;
000B 853080             14     MOV P0,BUFFER1;
000E 853190             15     MOV P1,BUFFER2;
0011 F5A0               16     MOV P2,A;
                        17     ;MOV P2,BUFFER3;
0013 D200               18     SETB FLAG1;
0015 32                 19     RETI
                        20
                        21
                        22
                        23     ;LJMP ISR_TIMER;
                        24     ;
                        25     ;ORG 0013H;
                        26     ;LJMP ISR_EXT1
                        27
                        28     ;ORG 0023H;
                        29     ;LJMP ISR_SERIAL;
                        30
                        31     ORG 0500H
                        32
0500 7F                 33     DB 07FH
0501 82                 34     DB 082H
0502 84                 35     DB 084H
0503 87                 36     DB 087H
0504 89                 37     DB 089H
0505 8C                 38     DB 08CH
0506 8E                 39     DB 08EH
0507 91                 40     DB 091H
0508 93                 41     DB 093H
0509 96                 42     DB 096H
050A 98                 43     DB 098H
050B 9B                 44     DB 09BH
050C 9D                 45     DB 09DH
050D A0                 46     DB 0A0H
050E A2                 47     DB 0A2H
050F A4                 48     DB 0A4H
0510 A7                 49     DB 0A7H
0511 A9                 50     DB 0A9H
0512 AC                 51     DB 0ACH
0513 AE                 52     DB 0AEH
0514 B0                 53     DB 0B0H
0515 B3                 54     DB 0B3H
0516 B5                 55     DB 0B5H
0517 B7                 56     DB 0B7H
0518 BA                 57     DB 0BAH
0519 BC                 58     DB 0BCH
051A BE                 59     DB 0BEH
051B C0                 60     DB 0C0H
051C C2                 61     DB 0C2H
051D C4                 62     DB 0C4H
051E C7                 63     DB 0C7H
051F C9                 64     DB 0C9H
0520 CB                 65     DB 0CBH
0521 CD                 66     DB 0CDH
0522 CF                 67     DB 0CFH
0523 D1                 68     DB 0D1H
0524 D3                 69     DB 0D3H
0525 D4                 70     DB 0D4H
0526 D6                 71     DB 0D6H
0527 D8                 72     DB 0D8H
0528 DA                 73     DB 0DAH
0529 DC                 74     DB 0DCH
052A DD                 75     DB 0DDH
052B DF                 76     DB 0DFH
052C E1                 77     DB 0E1H
052D E2                 78     DB 0E2H
052E E4                 79     DB 0E4H
052F E5                 80     DB 0E5H
0530 E7                 81     DB 0E7H
0531 E8                 82     DB 0E8H
0532 EA                 83     DB 0EAH
0533 EB                 84     DB 0EBH
0534 EC                 85     DB 0ECH
0535 EE                 86     DB 0EEH
0536 EF                 87     DB 0EFH
0537 F0                 88     DB 0F0H
0538 F1                 89     DB 0F1H
0539 F2                 90     DB 0F2H
053A F3                 91     DB 0F3H
053B F4                 92     DB 0F4H
053C F5                 93     DB 0F5H
053D F6                 94     DB 0F6H
053E F7                 95     DB 0F7H
053F F8                 96     DB 0F8H
0540 F9                 97     DB 0F9H
0541 F9                 98     DB 0F9H
0542 FA                 99     DB 0FAH
0543 FB                100     DB 0FBH
0544 FB                101     DB 0FBH
0545 FC                102     DB 0FCH
0546 FC                103     DB 0FCH
0547 FC                104     DB 0FCH
0548 FD                105     DB 0FDH
0549 FD                106     DB 0FDH
054A FD                107     DB 0FDH
054B FE                108     DB 0FEH
054C FE                109     DB 0FEH
054D FE                110     DB 0FEH
054E FE                111     DB 0FEH
054F FE                112     DB 0FEH
0550 FE                113     DB 0FEH
0551 FE                114     DB 0FEH
0552 FE                115     DB 0FEH
0553 FE                116     DB 0FEH
0554 FD                117     DB 0FDH
0555 FD                118     DB 0FDH
0556 FD                119     DB 0FDH
0557 FC                120     DB 0FCH
0558 FC                121     DB 0FCH
0559 FB                122     DB 0FBH
055A FB                123     DB 0FBH
055B FA                124     DB 0FAH
055C FA                125     DB 0FAH
055D F9                126     DB 0F9H
055E F8                127     DB 0F8H
055F F7                128     DB 0F7H
0560 F7                129     DB 0F7H
0561 F6                130     DB 0F6H
0562 F5                131     DB 0F5H
0563 F4                132     DB 0F4H
0564 F3                133     DB 0F3H
0565 F2                134     DB 0F2H
0566 F1                135     DB 0F1H
0567 EF                136     DB 0EFH
0568 EE                137     DB 0EEH
0569 ED                138     DB 0EDH
056A EC                139     DB 0ECH
056B EA                140     DB 0EAH
056C E9                141     DB 0E9H
056D E8                142     DB 0E8H
056E E6                143     DB 0E6H
056F E5                144     DB 0E5H
0570 E3                145     DB 0E3H
0571 E1                146     DB 0E1H
0572 E0                147     DB 0E0H
0573 DE                148     DB 0DEH
0574 DD                149     DB 0DDH
0575 DB                150     DB 0DBH
0576 D9                151     DB 0D9H
0577 D7                152     DB 0D7H
0578 D5                153     DB 0D5H
0579 D4                154     DB 0D4H
057A D2                155     DB 0D2H
057B D0                156     DB 0D0H
057C CE                157     DB 0CEH
057D CC                158     DB 0CCH
057E CA                159     DB 0CAH
057F C8                160     DB 0C8H
0580 C5                161     DB 0C5H
0581 C3                162     DB 0C3H
0582 C1                163     DB 0C1H
0583 BF                164     DB 0BFH
0584 BD                165     DB 0BDH
0585 BB                166     DB 0BBH
0586 B8                167     DB 0B8H
0587 B6                168     DB 0B6H
0588 B4                169     DB 0B4H
0589 B1                170     DB 0B1H
058A AF                171     DB 0AFH
058B AD                172     DB 0ADH
058C AA                173     DB 0AAH
058D A8                174     DB 0A8H
058E A6                175     DB 0A6H
058F A3                176     DB 0A3H
0590 A1                177     DB 0A1H
0591 9E                178     DB 09EH
0592 9C                179     DB 09CH
0593 99                180     DB 099H
0594 97                181     DB 097H
0595 94                182     DB 094H
0596 92                183     DB 092H
0597 8F                184     DB 08FH
0598 8D                185     DB 08DH
0599 8A                186     DB 08AH
059A 88                187     DB 088H
059B 85                188     DB 085H
059C 83                189     DB 083H
059D 80                190     DB 080H
059E 7E                191     DB 07EH
059F 7B                192     DB 07BH
05A0 79                193     DB 079H
05A1 76                194     DB 076H
05A2 74                195     DB 074H
05A3 71                196     DB 071H
05A4 6F                197     DB 06FH
05A5 6C                198     DB 06CH
05A6 6A                199     DB 06AH
05A7 67                200     DB 067H
05A8 65                201     DB 065H
05A9 62                202     DB 062H
05AA 60                203     DB 060H
05AB 5D                204     DB 05DH
05AC 5B                205     DB 05BH
05AD 58                206     DB 058H
05AE 56                207     DB 056H
05AF 54                208     DB 054H
05B0 51                209     DB 051H
05B1 4F                210     DB 04FH
05B2 4D                211     DB 04DH
05B3 4A                212     DB 04AH
05B4 48                213     DB 048H
05B5 46                214     DB 046H
05B6 43                215     DB 043H
05B7 41                216     DB 041H
05B8 3F                217     DB 03FH
05B9 3D                218     DB 03DH
05BA 3B                219     DB 03BH
05BB 39                220     DB 039H
05BC 36                221     DB 036H
05BD 34                222     DB 034H
05BE 32                223     DB 032H
05BF 30                224     DB 030H
05C0 2E                225     DB 02EH
05C1 2C                226     DB 02CH
05C2 2A                227     DB 02AH
05C3 29                228     DB 029H
05C4 27                229     DB 027H
05C5 25                230     DB 025H
05C6 23                231     DB 023H
05C7 21                232     DB 021H
05C8 20                233     DB 020H
05C9 1E                234     DB 01EH
05CA 1D                235     DB 01DH
05CB 1B                236     DB 01BH
05CC 19                237     DB 019H
05CD 18                238     DB 018H
05CE 16                239     DB 016H
05CF 15                240     DB 015H
05D0 14                241     DB 014H
05D1 12                242     DB 012H
05D2 11                243     DB 011H
05D3 10                244     DB 010H
05D4 0F                245     DB 0FH
05D5 0D                246     DB 0DH
05D6 0C                247     DB 0CH
05D7 0B                248     DB 0BH
05D8 0A                249     DB 0AH
05D9 09                250     DB 09H
05DA 08                251     DB 08H
05DB 07                252     DB 07H
05DC 07                253     DB 07H
05DD 06                254     DB 06H
05DE 05                255     DB 05H
05DF 04                256     DB 04H
05E0 04                257     DB 04H
05E1 03                258     DB 03H
05E2 03                259     DB 03H
05E3 02                260     DB 02H
05E4 02                261     DB 02H
05E5 01                262     DB 01H
05E6 01                263     DB 01H
05E7 01                264     DB 01H
05E8 00                265     DB 00H
05E9 00                266     DB 00H
05EA 00                267     DB 00H
05EB 00                268     DB 00H
05EC 00                269     DB 00H
05ED 00                270     DB 00H
05EE 00                271     DB 00H
05EF 00                272     DB 00H
05F0 00                273     DB 00H
05F1 01                274     DB 01H
05F2 01                275     DB 01H
05F3 01                276     DB 01H
05F4 02                277     DB 02H
05F5 02                278     DB 02H
05F6 02                279     DB 02H
05F7 03                280     DB 03H
05F8 03                281     DB 03H
05F9 04                282     DB 04H
05FA 05                283     DB 05H
05FB 05                284     DB 05H
05FC 06                285     DB 06H
05FD 07                286     DB 07H
05FE 08                287     DB 08H
05FF 09                288     DB 09H
                       289
                       290
                       291     ORG 0700H
                       292
                       293     ;DB 09H
0700 0A                294     DB 0AH
0701 0B                295     DB 0BH
0702 0C                296     DB 0CH
0703 0D                297     DB 0DH
0704 0E                298     DB 0EH
0705 0F                299     DB 0FH
0706 10                300     DB 010H
0707 12                301     DB 012H
0708 13                302     DB 013H
0709 14                303     DB 014H
070A 16                304     DB 016H
070B 17                305     DB 017H
070C 19                306     DB 019H
070D 1A                307     DB 01AH
070E 1C                308     DB 01CH
070F 1D                309     DB 01DH
0710 1F                310     DB 01FH
0711 21                311     DB 021H
0712 22                312     DB 022H
0713 24                313     DB 024H
0714 26                314     DB 026H
0715 28                315     DB 028H
0716 2A                316     DB 02AH
0717 2B                317     DB 02BH
0718 2D                318     DB 02DH
0719 2F                319     DB 02FH
071A 31                320     DB 031H
071B 33                321     DB 033H
071C 35                322     DB 035H
071D 37                323     DB 037H
071E 3A                324     DB 03AH
071F 3C                325     DB 03CH
0720 3E                326     DB 03EH
0721 40                327     DB 040H
0722 42                328     DB 042H
0723 44                329     DB 044H
0724 47                330     DB 047H
0725 49                331     DB 049H
0726 4B                332     DB 04BH
0727 4E                333     DB 04EH
0728 50                334     DB 050H
0729 52                335     DB 052H
072A 55                336     DB 055H
072B 57                337     DB 057H
072C 5A                338     DB 05AH
072D 5C                339     DB 05CH
072E 5E                340     DB 05EH
072F 61                341     DB 061H
0730 63                342     DB 063H
0731 66                343     DB 066H
0732 68                344     DB 068H
0733 6B                345     DB 06BH
0734 6D                346     DB 06DH
0735 70                347     DB 070H
0736 72                348     DB 072H
0737 75                349     DB 075H
0738 77                350     DB 077H
0739 7A                351     DB 07AH
073A 7C                352     DB 07CH
                       353
                       354
                       355     MAIN:
                       356
                       357     ;INIT
                       358
  0000                 359             FLAG1 BIT 00H;
  0001                 360             CASE_1 BIT 01H;
  0002                 361             CASE_2 BIT 02H;
  0003                 362             CASE_3 BIT 03H;
  0004                 363             PROCESS_FL BIT 04H;
  0005                 364             FL1 BIT 05H;
  0006                 365             FL2 BIT 06H;
  0007                 366             FL3 BIT 07H;
                       367
073B C201              368             CLR CASE_1;
073D C202              369             CLR CASE_2;
073F C203              370             CLR CASE_3;
0741 C204              371             CLR PROCESS_FL;
0743 C205              372             CLR FL1;
0745 C206              373             CLR FL2;
0747 C207              374             CLR FL3;
                       375
  0030                 376             BUFFER1 DATA 30H;
  0031                 377             BUFFER2 DATA 31H;
  0032                 378             BUFFER3 DATA 32H;
                       379
0749 7580FF            380             MOV P0,#0FFH;
074C 7590FF            381             MOV P1,#0FFH;
074F 75A0FF            382             MOV P2,#0FFH;
                       383
0752 75A882            384             MOV     IE,     #10000010B;
0755 758922            385             MOV     TMOD ,  #00100010B;
                       386
0758 758CC1            387             MOV     TH0,#Timeout;           loading the reload values into timer0
075B 758AC1            388             MOV     TL0,#Timeout;
075E 900500            389             MOV DPTR,#0500H;
                       390
0761 7A69              391             MOV R2,#(SAMPLES)/3;
                       392
0763 7B00              393             MOV R3,#00;
0765 EB                394             MOV A,R3;
0766 93                395             MOVC A,@A+DPTR;
0767 F530              396             MOV BUFFER1,A;
                       397
0769 7C68              398             MOV R4,#104;
076B EC                399             MOV A,R4;
076C 93                400             MOVC A,@A+DPTR;
076D F531              401             MOV BUFFER2,A;
                       402
076F 7DD1              403             MOV R5,#209;
0771 ED                404             MOV A,R5;
0772 93                405             MOVC A,@A+DPTR;
0773 F532              406             MOV BUFFER3,A;
                       407
                       408     ;MAIN LOOP
                       409     ;       FLAG1 BIT 00H;
                       410
0775 853080            411             MOV P0,BUFFER1;
0778 853190            412             MOV P1,BUFFER2;
077B 8532A0            413             MOV P2,BUFFER3;
                       414
077E D201              415             SETB CASE_1;
                       416
                       417
0780 D2B3              418             SETB LFP;
0782 D2B4              419             SETB HFP;
0784 D200              420             SETB FLAG1;
0786 D28C              421             SETB TR0;
                       422
0788 3000FD            423     START1:         JNB FLAG1,$;
078B C200              424                     CLR FLAG1;
078D DA35              425                     DJNZ R2,CONTINUE;
                       426
078F 7A69              427                     MOV R2,#((SAMPLES)/3);
                       428
0791 200106            429                     JB CASE_1,PROCESS_1;
0794 200212            430                     JB CASE_2,PROCESS_2;
0797 20031E            431                     JB CASE_3,PROCESS_3;
079A D204              432                     PROCESS_1:SETB PROCESS_FL;
079C C207              433                               CLR FL3;
079E 0B                434                               INC R3;
079F 0C                435                               INC R4;
07A0 7D00              436                               MOV R5,#00;
07A2 C201              437                               CLR CASE_1;
07A4 D202              438                               SETB CASE_2;
07A6 0207C4            439                               JMP CONTINUE;
07A9 D204              440                     PROCESS_2:SETB PROCESS_FL;
07AB C206              441                               CLR FL2;
07AD 0B                442                               INC R3;
07AE 7C00              443                               MOV R4,#00H;
07B0 0D                444                               INC R5;
07B1 C202              445                               CLR CASE_2;
07B3 D203              446                               SETB CASE_3;
07B5 0207C4            447                               JMP CONTINUE;
07B8 D204              448                     PROCESS_3:SETB PROCESS_FL;
07BA C205              449                               CLR FL1;
07BC 7B00              450                               MOV R3,#00H;
07BE 0C                451                               INC R4;
07BF 0D                452                               INC R5;
07C0 C203              453                               CLR CASE_3;
07C2 D201              454                               SETB CASE_1;
                       455
07C4 200451            456                             CONTINUE:       JB PROCESS_FL,TARGET_CONTINUE;
07C7 7401              457                                             MOV A,#1;
07C9 2B                458                                             ADD A,R3;
07CA FB                459                                             MOV R3,A;
07CB 30050E            460                                             JNB FL1,CHK_CARRY_1;
                       461                                     INT_1:  ;CLR C;
07CE 900700            462                                             MOV DPTR,#0700H;
07D1 93                463                                             MOVC A,@A+DPTR;
07D2 F530              464                                             MOV BUFFER1,A;
07D4 D205              465                                             SETB FL1;
07D6 900500            466                                             MOV DPTR,#0500H;
07D9 0207E1            467                                             JMP CONTINUE_2;
07DC 40F0              468                               CHK_CARRY_1:  JC INT_1;
                       469                                             ;MOV DPTR,#0500H;
07DE 93                470                                             MOVC A,@A+DPTR;
07DF F530              471                                             MOV BUFFER1,A;
                       472
                       473                             CONTINUE_2:     ;JB PROCESS_FL,TARGET_CONTINUE;
07E1 7401              474                                             MOV A,#1;
07E3 2C                475                                             ADD A,R4;
07E4 FC                476                                             MOV R4,A;
07E5 30060E            477                                             JNB FL2,CHK_CARRY_2;
                       478                                     INT_2:  ;CLR C;
07E8 900700            479                                             MOV DPTR,#0700H;
07EB 93                480                                             MOVC A,@A+DPTR;
07EC F531              481                                             MOV BUFFER2,A;
07EE D206              482                                             SETB FL2;
07F0 900500            483                                             MOV DPTR,#0500H;
07F3 0207FB            484                                             JMP CONTINUE_3;
07F6 40F0              485                               CHK_CARRY_2:  JC INT_2;
                       486                                             ;MOV DPTR,#0500H;
07F8 93                487                                             MOVC A,@A+DPTR;
07F9 F531              488                                             MOV BUFFER2,A;
                       489
                       490                             CONTINUE_3:     ;JB PROCESS_FL,TARGET_CONTINUE;
07FB 7401              491                                             MOV A,#1;
07FD 2D                492                                             ADD A,R5;
07FE FD                493                                             MOV R5,A;
07FF 30070E            494                                             JNB FL3,CHK_CARRY_3;
                       495                                     INT_3:  ;CLR C;
0802 900700            496                                             MOV DPTR,#0700H;
0805 93                497                                             MOVC A,@A+DPTR;
0806 F532              498                                             MOV BUFFER3,A;
0808 D207              499                                             SETB FL3;
080A 900500            500                                             MOV DPTR,#0500H;
080D 020788            501                                             LJMP START1;
0810 40F0              502                               CHK_CARRY_3:  JC INT_3;
                       503                                             ;MOV DPTR,#0500H;
0812 93                504                                             MOVC A,@A+DPTR;
0813 F532              505                                             MOV BUFFER3,A;
                       506
0815 020788            507                                             LJMP START1;
                       508
                       509
0818 C204              510                             TARGET_CONTINUE:CLR PROCESS_FL;
081A EB                511                                             MOV A,R3;
081B 93                512                                             MOVC A,@A+DPTR;
081C F530              513                                             MOV BUFFER1,A;
                       514
081E EC                515                                             MOV A,R4;
081F 93                516                                             MOVC A,@A+DPTR;
0820 F531              517                                             MOV BUFFER2,A;
                       518
0822 ED                519                                              MOV A,R5;
0823 93                520                                              MOVC A,@A+DPTR;
0824 F532              521                                              MOV BUFFER3,A;
                       522
0826 020788            523                                             LJMP START1;
                       524
                       525     ;START2:        JNB FLAG2,$;
                       526     ;       CLR FLAG2;
                       527     ;       DJNZ R3,START2;
                       528     ;       SETB FLAG1;
                       529     ;       MOV A,R4;
                       530     ;       MOVC A,@A+DPTR;
                       531     ;       INC R4;
                       532     ;       MOV R3,#2;
                       533     ;       DJNZ R2,START2;
                       534     ;       MOV R4,#00H;
                       535     ;       SETB FLAG3;
                       536     ;       MOV R2,#Samples;
                       537     ;       JMP START1
                       538
                       539
                       540     ;       CLR RI;
                       541     ;       MOV A, SBUF
                       542     ;       RL A;
                       543     ;       RL A;
                       544     ;       ORL A,#03H;
                       545     ;       MOV P3,A;
                       546     ;       MOV SBUF,P3;
                       547     ;       JNB TI,$;
                       548     ;       CLR TI;
                       549
                       550
                       551     ;ISR_TIMER:
                       552     ;       RETI;
                       553     ;ISR_EXT0:
                       554     ;       RETI;
                       555     ;ISR_EXT1:
                       556     ;       RETI;
                       557     END
ASSEMBLY COMPLETE, NO ERRORS FOUND, NO WARNINGS


SYMBOL TABLE:
??MCU_8051_IDE . . . . . . . . . . .  N  NUMB  8051H  NOT USED
??VERSION. . . . . . . . . . . . . .  N  NUMB  0147H  NOT USED
AC . . . . . . . . . . . . . . . . .  B  ADDR  00D6H  NOT USED
ACC. . . . . . . . . . . . . . . . .  D  ADDR  00E0H  NOT USED
ACSR . . . . . . . . . . . . . . . .  D  ADDR  0097H  NOT USED
ADCF . . . . . . . . . . . . . . . .  D  ADDR  00F6H  NOT USED
ADCLK. . . . . . . . . . . . . . . .  D  ADDR  00F2H  NOT USED
ADCON. . . . . . . . . . . . . . . .  D  ADDR  00F3H  NOT USED
ADDH . . . . . . . . . . . . . . . .  D  ADDR  00F5H  NOT USED
ADDL . . . . . . . . . . . . . . . .  D  ADDR  00F4H  NOT USED
AUXR . . . . . . . . . . . . . . . .  D  ADDR  008EH  NOT USED
AUXR1. . . . . . . . . . . . . . . .  D  ADDR  00A2H  NOT USED
B. . . . . . . . . . . . . . . . . .  D  ADDR  00F0H  NOT USED
BDRCON . . . . . . . . . . . . . . .  D  ADDR  009BH  NOT USED
BDRCON_1 . . . . . . . . . . . . . .  D  ADDR  009CH  NOT USED
BRL. . . . . . . . . . . . . . . . .  D  ADDR  009AH  NOT USED
BUFFER1. . . . . . . . . . . . . . .  D  ADDR  0030H
BUFFER2. . . . . . . . . . . . . . .  D  ADDR  0031H
BUFFER3. . . . . . . . . . . . . . .  D  ADDR  0032H
CASE_1 . . . . . . . . . . . . . . .  B  ADDR  0001H
CASE_2 . . . . . . . . . . . . . . .  B  ADDR  0002H
CASE_3 . . . . . . . . . . . . . . .  B  ADDR  0003H
CCAP0H . . . . . . . . . . . . . . .  D  ADDR  00FAH  NOT USED
CCAP0L . . . . . . . . . . . . . . .  D  ADDR  00EAH  NOT USED
CCAP1H . . . . . . . . . . . . . . .  D  ADDR  00FBH  NOT USED
CCAP1L . . . . . . . . . . . . . . .  D  ADDR  00EBH  NOT USED
CCAP2H . . . . . . . . . . . . . . .  D  ADDR  00FCH  NOT USED
CCAP3H . . . . . . . . . . . . . . .  D  ADDR  00FDH  NOT USED
CCAP4H . . . . . . . . . . . . . . .  D  ADDR  00FEH  NOT USED
CCAPL2H. . . . . . . . . . . . . . .  D  ADDR  00FCH  NOT USED
CCAPL2L. . . . . . . . . . . . . . .  D  ADDR  00ECH  NOT USED
CCAPL3H. . . . . . . . . . . . . . .  D  ADDR  00FDH  NOT USED
CCAPL3L. . . . . . . . . . . . . . .  D  ADDR  00EDH  NOT USED
CCAPL4H. . . . . . . . . . . . . . .  D  ADDR  00FEH  NOT USED
CCAPL4L. . . . . . . . . . . . . . .  D  ADDR  00EEH  NOT USED
CCAPM0 . . . . . . . . . . . . . . .  D  ADDR  00DAH  NOT USED
CCAPM1 . . . . . . . . . . . . . . .  D  ADDR  00DBH  NOT USED
CCAPM2 . . . . . . . . . . . . . . .  D  ADDR  00DCH  NOT USED
CCAPM3 . . . . . . . . . . . . . . .  D  ADDR  00DDH  NOT USED
CCAPM4 . . . . . . . . . . . . . . .  D  ADDR  00DEH  NOT USED
CCF0 . . . . . . . . . . . . . . . .  B  ADDR  00D8H  NOT USED
CCF1 . . . . . . . . . . . . . . . .  B  ADDR  00D9H  NOT USED
CCF2 . . . . . . . . . . . . . . . .  B  ADDR  00DAH  NOT USED
CCF3 . . . . . . . . . . . . . . . .  B  ADDR  00DBH  NOT USED
CCF4 . . . . . . . . . . . . . . . .  B  ADDR  00DCH  NOT USED
CCON . . . . . . . . . . . . . . . .  D  ADDR  00D8H  NOT USED
CFINT. . . . . . . . . . . . . . . .  C  ADDR  0033H  NOT USED
CH . . . . . . . . . . . . . . . . .  D  ADDR  00F9H  NOT USED
CHK_CARRY_1. . . . . . . . . . . . .  C  ADDR  07DCH
CHK_CARRY_2. . . . . . . . . . . . .  C  ADDR  07F6H
CHK_CARRY_3. . . . . . . . . . . . .  C  ADDR  0810H
CKCON. . . . . . . . . . . . . . . .  D  ADDR  008FH  NOT USED
CKCON0 . . . . . . . . . . . . . . .  D  ADDR  008FH  NOT USED
CKRL . . . . . . . . . . . . . . . .  D  ADDR  0097H  NOT USED
CKSEL. . . . . . . . . . . . . . . .  D  ADDR  0085H  NOT USED
CL . . . . . . . . . . . . . . . . .  D  ADDR  00E9H  NOT USED
CLKREG . . . . . . . . . . . . . . .  D  ADDR  008FH  NOT USED
CMOD . . . . . . . . . . . . . . . .  D  ADDR  00D9H  NOT USED
CONTINUE . . . . . . . . . . . . . .  C  ADDR  07C4H
CONTINUE_2 . . . . . . . . . . . . .  C  ADDR  07E1H
CONTINUE_3 . . . . . . . . . . . . .  C  ADDR  07FBH
CPRL2. . . . . . . . . . . . . . . .  B  ADDR  00C8H  NOT USED
CR . . . . . . . . . . . . . . . . .  B  ADDR  00DEH  NOT USED
CT2. . . . . . . . . . . . . . . . .  B  ADDR  00C9H  NOT USED
CY . . . . . . . . . . . . . . . . .  B  ADDR  00D7H  NOT USED
DP0H . . . . . . . . . . . . . . . .  D  ADDR  0083H  NOT USED
DP0L . . . . . . . . . . . . . . . .  D  ADDR  0082H  NOT USED
DP1H . . . . . . . . . . . . . . . .  D  ADDR  0085H  NOT USED
DP1L . . . . . . . . . . . . . . . .  D  ADDR  0084H  NOT USED
DPH. . . . . . . . . . . . . . . . .  D  ADDR  0083H  NOT USED
DPL. . . . . . . . . . . . . . . . .  D  ADDR  0082H  NOT USED
EA . . . . . . . . . . . . . . . . .  B  ADDR  00AFH  NOT USED
EC . . . . . . . . . . . . . . . . .  B  ADDR  00AEH  NOT USED
EECON. . . . . . . . . . . . . . . .  D  ADDR  0096H  NOT USED
ES . . . . . . . . . . . . . . . . .  B  ADDR  00ACH  NOT USED
ET0. . . . . . . . . . . . . . . . .  B  ADDR  00A9H  NOT USED
ET1. . . . . . . . . . . . . . . . .  B  ADDR  00ABH  NOT USED
ET2. . . . . . . . . . . . . . . . .  B  ADDR  00ADH  NOT USED
EX0. . . . . . . . . . . . . . . . .  B  ADDR  00A8H  NOT USED
EX1. . . . . . . . . . . . . . . . .  B  ADDR  00AAH  NOT USED
EXEN2. . . . . . . . . . . . . . . .  B  ADDR  00CBH  NOT USED
EXF2 . . . . . . . . . . . . . . . .  B  ADDR  00CEH  NOT USED
EXTI0. . . . . . . . . . . . . . . .  C  ADDR  0003H  NOT USED
EXTI1. . . . . . . . . . . . . . . .  C  ADDR  0013H  NOT USED
F0 . . . . . . . . . . . . . . . . .  B  ADDR  00D5H  NOT USED
FE . . . . . . . . . . . . . . . . .  B  ADDR  009FH  NOT USED
FL1. . . . . . . . . . . . . . . . .  B  ADDR  0005H
FL2. . . . . . . . . . . . . . . . .  B  ADDR  0006H
FL3. . . . . . . . . . . . . . . . .  B  ADDR  0007H
FLAG1. . . . . . . . . . . . . . . .  B  ADDR  0000H
HFP. . . . . . . . . . . . . . . . .  N  NUMB  00B4H
IE . . . . . . . . . . . . . . . . .  D  ADDR  00A8H
IE0. . . . . . . . . . . . . . . . .  B  ADDR  0089H  NOT USED
IE1. . . . . . . . . . . . . . . . .  B  ADDR  008BH  NOT USED
INT0 . . . . . . . . . . . . . . . .  B  ADDR  00B2H  NOT USED
INT1 . . . . . . . . . . . . . . . .  B  ADDR  00B3H  NOT USED
INT_1. . . . . . . . . . . . . . . .  C  ADDR  07CEH
INT_2. . . . . . . . . . . . . . . .  C  ADDR  07E8H
INT_3. . . . . . . . . . . . . . . .  C  ADDR  0802H
IP . . . . . . . . . . . . . . . . .  D  ADDR  00B8H  NOT USED
IPH. . . . . . . . . . . . . . . . .  D  ADDR  00B7H  NOT USED
IPH0 . . . . . . . . . . . . . . . .  D  ADDR  00B7H  NOT USED
IPH1 . . . . . . . . . . . . . . . .  D  ADDR  00B3H  NOT USED
IPL0 . . . . . . . . . . . . . . . .  D  ADDR  00B8H  NOT USED
IPL1 . . . . . . . . . . . . . . . .  D  ADDR  00B2H  NOT USED
IT0. . . . . . . . . . . . . . . . .  B  ADDR  0088H  NOT USED
IT1. . . . . . . . . . . . . . . . .  B  ADDR  008AH  NOT USED
KBE. . . . . . . . . . . . . . . . .  D  ADDR  009DH  NOT USED
KBF. . . . . . . . . . . . . . . . .  D  ADDR  009EH  NOT USED
KBLS . . . . . . . . . . . . . . . .  D  ADDR  009CH  NOT USED
LFP. . . . . . . . . . . . . . . . .  N  NUMB  00B3H
MAIN . . . . . . . . . . . . . . . .  C  ADDR  073BH
OSCCON . . . . . . . . . . . . . . .  D  ADDR  0086H  NOT USED
OV . . . . . . . . . . . . . . . . .  B  ADDR  00D2H  NOT USED
P. . . . . . . . . . . . . . . . . .  B  ADDR  00D0H  NOT USED
P0 . . . . . . . . . . . . . . . . .  D  ADDR  0080H
P1 . . . . . . . . . . . . . . . . .  D  ADDR  0090H
P1M1 . . . . . . . . . . . . . . . .  D  ADDR  00D4H  NOT USED
P1M2 . . . . . . . . . . . . . . . .  D  ADDR  00E2H  NOT USED
P2 . . . . . . . . . . . . . . . . .  D  ADDR  00A0H
P3 . . . . . . . . . . . . . . . . .  D  ADDR  00B0H  NOT USED
P3M1 . . . . . . . . . . . . . . . .  D  ADDR  00D5H  NOT USED
P3M2 . . . . . . . . . . . . . . . .  D  ADDR  00E3H  NOT USED
P4 . . . . . . . . . . . . . . . . .  D  ADDR  00C0H  NOT USED
P4M1 . . . . . . . . . . . . . . . .  D  ADDR  00D6H  NOT USED
P4M2 . . . . . . . . . . . . . . . .  D  ADDR  00E4H  NOT USED
P5 . . . . . . . . . . . . . . . . .  D  ADDR  00E8H  NOT USED
PC . . . . . . . . . . . . . . . . .  B  ADDR  00BEH  NOT USED
PCON . . . . . . . . . . . . . . . .  D  ADDR  0087H  NOT USED
PPCL . . . . . . . . . . . . . . . .  B  ADDR  00BEH  NOT USED
PROCESS_1. . . . . . . . . . . . . .  C  ADDR  079AH
PROCESS_2. . . . . . . . . . . . . .  C  ADDR  07A9H
PROCESS_3. . . . . . . . . . . . . .  C  ADDR  07B8H
PROCESS_FL . . . . . . . . . . . . .  B  ADDR  0004H
PS . . . . . . . . . . . . . . . . .  B  ADDR  00BCH  NOT USED
PSL. . . . . . . . . . . . . . . . .  B  ADDR  00BCH  NOT USED
PSW. . . . . . . . . . . . . . . . .  D  ADDR  00D0H  NOT USED
PT0. . . . . . . . . . . . . . . . .  B  ADDR  00B9H  NOT USED
PT0L . . . . . . . . . . . . . . . .  B  ADDR  00B9H  NOT USED
PT1. . . . . . . . . . . . . . . . .  B  ADDR  00BBH  NOT USED
PT1L . . . . . . . . . . . . . . . .  B  ADDR  00BBH  NOT USED
PT2. . . . . . . . . . . . . . . . .  B  ADDR  00BDH  NOT USED
PT2L . . . . . . . . . . . . . . . .  B  ADDR  00BDH  NOT USED
PX0. . . . . . . . . . . . . . . . .  B  ADDR  00B8H  NOT USED
PX0L . . . . . . . . . . . . . . . .  B  ADDR  00B8H  NOT USED
PX1. . . . . . . . . . . . . . . . .  B  ADDR  00BAH  NOT USED
PX1L . . . . . . . . . . . . . . . .  B  ADDR  00BAH  NOT USED
RB8. . . . . . . . . . . . . . . . .  B  ADDR  009AH  NOT USED
RCAP2H . . . . . . . . . . . . . . .  D  ADDR  00CBH  NOT USED
RCAP2L . . . . . . . . . . . . . . .  D  ADDR  00CAH  NOT USED
RCLK . . . . . . . . . . . . . . . .  B  ADDR  00CDH  NOT USED
RD . . . . . . . . . . . . . . . . .  B  ADDR  00B7H  NOT USED
REN. . . . . . . . . . . . . . . . .  B  ADDR  009CH  NOT USED
RESET. . . . . . . . . . . . . . . .  C  ADDR  0000H  NOT USED
RI . . . . . . . . . . . . . . . . .  B  ADDR  0098H  NOT USED
RS0. . . . . . . . . . . . . . . . .  B  ADDR  00D3H  NOT USED
RS1. . . . . . . . . . . . . . . . .  B  ADDR  00D4H  NOT USED
RXD. . . . . . . . . . . . . . . . .  B  ADDR  00B0H  NOT USED
SADDR. . . . . . . . . . . . . . . .  D  ADDR  00A9H  NOT USED
SADDR_0. . . . . . . . . . . . . . .  D  ADDR  00A9H  NOT USED
SADDR_1. . . . . . . . . . . . . . .  D  ADDR  00AAH  NOT USED
SADEN. . . . . . . . . . . . . . . .  D  ADDR  00B9H  NOT USED
SADEN_0. . . . . . . . . . . . . . .  D  ADDR  00B9H  NOT USED
SADEN_1. . . . . . . . . . . . . . .  D  ADDR  00BAH  NOT USED
SAMPLES. . . . . . . . . . . . . . .  N  NUMB  013BH
SBUF . . . . . . . . . . . . . . . .  D  ADDR  0099H  NOT USED
SCON . . . . . . . . . . . . . . . .  D  ADDR  0098H  NOT USED
SINT . . . . . . . . . . . . . . . .  C  ADDR  0023H  NOT USED
SM0. . . . . . . . . . . . . . . . .  B  ADDR  009FH  NOT USED
SM1. . . . . . . . . . . . . . . . .  B  ADDR  009EH  NOT USED
SM2. . . . . . . . . . . . . . . . .  B  ADDR  009DH  NOT USED
SP . . . . . . . . . . . . . . . . .  D  ADDR  0081H  NOT USED
SPCON. . . . . . . . . . . . . . . .  D  ADDR  00C3H  NOT USED
SPCR . . . . . . . . . . . . . . . .  D  ADDR  00D5H  NOT USED
SPDAT. . . . . . . . . . . . . . . .  D  ADDR  00C5H  NOT USED
SPDR . . . . . . . . . . . . . . . .  D  ADDR  0086H  NOT USED
SPSR . . . . . . . . . . . . . . . .  D  ADDR  00AAH  NOT USED
SPSTA. . . . . . . . . . . . . . . .  D  ADDR  00C4H  NOT USED
START1 . . . . . . . . . . . . . . .  C  ADDR  0788H
T0 . . . . . . . . . . . . . . . . .  B  ADDR  00B4H  NOT USED
T1 . . . . . . . . . . . . . . . . .  B  ADDR  00B5H  NOT USED
T2CON. . . . . . . . . . . . . . . .  D  ADDR  00C8H  NOT USED
T2MOD. . . . . . . . . . . . . . . .  D  ADDR  00C9H  NOT USED
TARGET_CONTINUE. . . . . . . . . . .  C  ADDR  0818H
TB8. . . . . . . . . . . . . . . . .  B  ADDR  009BH  NOT USED
TCLK . . . . . . . . . . . . . . . .  B  ADDR  00CCH  NOT USED
TCON . . . . . . . . . . . . . . . .  D  ADDR  0088H  NOT USED
TF0. . . . . . . . . . . . . . . . .  B  ADDR  008DH  NOT USED
TF1. . . . . . . . . . . . . . . . .  B  ADDR  008FH  NOT USED
TF2. . . . . . . . . . . . . . . . .  B  ADDR  00CFH  NOT USED
TH0. . . . . . . . . . . . . . . . .  D  ADDR  008CH
TH1. . . . . . . . . . . . . . . . .  D  ADDR  008DH  NOT USED
TH2. . . . . . . . . . . . . . . . .  D  ADDR  00CDH  NOT USED
TI . . . . . . . . . . . . . . . . .  B  ADDR  0099H  NOT USED
TIMEOUT. . . . . . . . . . . . . . .  N  NUMB  00C1H
TIMER0 . . . . . . . . . . . . . . .  C  ADDR  000BH  NOT USED
TIMER1 . . . . . . . . . . . . . . .  C  ADDR  001BH  NOT USED
TIMER2 . . . . . . . . . . . . . . .  C  ADDR  002BH  NOT USED
TL0. . . . . . . . . . . . . . . . .  D  ADDR  008AH
TL1. . . . . . . . . . . . . . . . .  D  ADDR  008BH  NOT USED
TL2. . . . . . . . . . . . . . . . .  D  ADDR  00CCH  NOT USED
TMOD . . . . . . . . . . . . . . . .  D  ADDR  0089H
TR0. . . . . . . . . . . . . . . . .  B  ADDR  008CH
TR1. . . . . . . . . . . . . . . . .  B  ADDR  008EH  NOT USED
TR2. . . . . . . . . . . . . . . . .  B  ADDR  00CAH  NOT USED
TXD. . . . . . . . . . . . . . . . .  B  ADDR  00B1H  NOT USED
WDTCON . . . . . . . . . . . . . . .  D  ADDR  00A7H  NOT USED
WDTPRG . . . . . . . . . . . . . . .  D  ADDR  00A7H  NOT USED
WDTRST . . . . . . . . . . . . . . .  D  ADDR  00A6H  NOT USED
WR . . . . . . . . . . . . . . . . .  B  ADDR  00B6H  NOT USED